<?xml version="1.0" encoding="UTF-8"?>
<!-- Generated by org.testng.reporters.JUnitReportReporter -->
<testsuite hostname="DESKTOP-TCB77E3" failures="0" tests="1" name="redbus.qa.base.AccountPageTest" time="19.950" errors="0" timestamp="2024-01-18T20:25:01 IST" skipped="0">
  <testcase classname="redbus.qa.base.AccountPageTest" name="clickOnSignUpPage" time="19.950"/>
  <system-out/>
</testsuite> <!-- redbus.qa.base.AccountPageTest -->
