<?xml version="1.0" encoding="UTF-8"?>
<!-- Generated by org.testng.reporters.JUnitReportReporter -->
<testsuite hostname="DESKTOP-TCB77E3" failures="0" tests="2" name="redbus.qa.base.NavigateTest" time="15.560" errors="0" timestamp="2024-01-18T17:04:46 IST" skipped="0">
  <testcase classname="redbus.qa.base.NavigateTest" name="clickOnAccount" time="4.372"/>
  <system-out/>
  <testcase classname="redbus.qa.base.NavigateTest" name="clickOncabrental" time="11.188"/>
  <system-out/>
</testsuite> <!-- redbus.qa.base.NavigateTest -->
