<?xml version="1.0" encoding="UTF-8"?>
<!-- Generated by org.testng.reporters.JUnitReportReporter -->
<testsuite hostname="DESKTOP-TCB77E3" failures="0" tests="1" name="redbus.qa.base.BookBusTicketTest" time="11.293" errors="0" timestamp="2024-01-18T20:40:40 IST" skipped="0">
  <testcase classname="redbus.qa.base.BookBusTicketTest" name="SearchBus" time="11.293"/>
  <system-out/>
</testsuite> <!-- redbus.qa.base.BookBusTicketTest -->
